<?xml version="1.0" encoding="UTF-8"?>
<!-- Generated by org.testng.reporters.JUnitReportReporter -->
<testsuite skipped="0" hostname="Ravi" name="Caseconfiguration.preRbaCaseconfigonline" tests="1" failures="0" timestamp="2020-12-21T12:21:44 IST" time="124.505" errors="0">
  <testcase name="PreRBAcaseconfigOnline" time="124.505" classname="Caseconfiguration.preRbaCaseconfigonline"/>
  <system-out/>
</testsuite> <!-- Caseconfiguration.preRbaCaseconfigonline -->
