<?xml version="1.0" encoding="UTF-8"?>
<!-- Generated by org.testng.reporters.JUnitReportReporter -->
<testsuite skipped="0" hostname="Ravi" name="Caseconfiguration.CaseConfig3" tests="1" failures="0" timestamp="2020-12-20T21:41:22 IST" time="131.063" errors="0">
  <testcase name="TestCaseConfig3" time="131.063" classname="Caseconfiguration.CaseConfig3"/>
  <system-out/>
</testsuite> <!-- Caseconfiguration.CaseConfig3 -->
