<?xml version="1.0" encoding="UTF-8"?>
<!-- Generated by org.testng.reporters.JUnitReportReporter -->
<testsuite skipped="0" hostname="Ravi" name="AccountCreation_Allocation.AccountAllocation_config4" tests="1" failures="0" timestamp="2020-12-17T11:59:13 IST" time="336.349" errors="0">
  <testcase name="AccountCreation_config4" time="336.349" classname="AccountCreation_Allocation.AccountAllocation_config4"/>
  <system-out/>
</testsuite> <!-- AccountCreation_Allocation.AccountAllocation_config4 -->
