<?xml version="1.0" encoding="UTF-8"?>
<!-- Generated by org.testng.reporters.JUnitReportReporter -->
<testsuite skipped="0" hostname="Ravi" name="Lead_Creation_Allocation.ExistingAccountFilter_TC11" tests="1" failures="0" timestamp="2020-12-16T12:56:21 IST" time="431.447" errors="0">
  <testcase name="LeadCreation_ExistingAccountFilter_TC11" time="431.447" classname="Lead_Creation_Allocation.ExistingAccountFilter_TC11"/>
  <system-out/>
</testsuite> <!-- Lead_Creation_Allocation.ExistingAccountFilter_TC11 -->
