<?xml version="1.0" encoding="UTF-8"?>
<!-- Generated by org.testng.reporters.JUnitReportReporter -->
<testsuite skipped="0" hostname="Ravi" name="Contact_Distribution.ContactDistributionAllocation" tests="1" failures="0" timestamp="2020-12-18T13:21:36 IST" time="1667.829" errors="0">
  <testcase name="ContactCreation_DistributionAllocation" time="1667.829" classname="Contact_Distribution.ContactDistributionAllocation"/>
  <system-out/>
</testsuite> <!-- Contact_Distribution.ContactDistributionAllocation -->
