<?xml version="1.0" encoding="UTF-8"?>
<!-- Generated by org.testng.reporters.JUnitReportReporter -->
<testsuite skipped="0" hostname="Ravi" name="Accountconfiguration.AccountConfig11" tests="1" failures="0" timestamp="2020-12-17T13:38:43 IST" time="132.302" errors="0">
  <testcase name="TestAccountConfig11" time="132.302" classname="Accountconfiguration.AccountConfig11"/>
  <system-out/>
</testsuite> <!-- Accountconfiguration.AccountConfig11 -->
