<?xml version="1.0" encoding="UTF-8"?>
<!-- Generated by org.testng.reporters.JUnitReportReporter -->
<testsuite skipped="0" hostname="Ravi" name="CaseDistribution.CaseManualDistribution9" tests="1" failures="0" timestamp="2020-12-21T12:42:35 IST" time="188.729" errors="0">
  <testcase name="CaseManualDistribution9" time="188.729" classname="CaseDistribution.CaseManualDistribution9"/>
  <system-out/>
</testsuite> <!-- CaseDistribution.CaseManualDistribution9 -->
