<?xml version="1.0" encoding="UTF-8"?>
<!-- Generated by org.testng.reporters.JUnitReportReporter -->
<testsuite skipped="0" hostname="Ravi" name="AccountDistribution.ManualDistributionAccountt11" tests="1" failures="0" timestamp="2020-12-17T13:38:43 IST" time="268.107" errors="0">
  <testcase name="AccountManualDistribution11" time="268.107" classname="AccountDistribution.ManualDistributionAccountt11"/>
  <system-out/>
</testsuite> <!-- AccountDistribution.ManualDistributionAccountt11 -->
