<?xml version="1.0" encoding="UTF-8"?>
<!-- Generated by org.testng.reporters.JUnitReportReporter -->
<testsuite skipped="0" hostname="Ravi" name="AccountCreation_Allocation.AccountAllocation_config8" tests="1" failures="0" timestamp="2020-12-17T12:37:53 IST" time="470.882" errors="0">
  <testcase name="AccountCreation_config8" time="470.882" classname="AccountCreation_Allocation.AccountAllocation_config8"/>
  <system-out/>
</testsuite> <!-- AccountCreation_Allocation.AccountAllocation_config8 -->
