<?xml version="1.0" encoding="UTF-8"?>
<!-- Generated by org.testng.reporters.JUnitReportReporter -->
<testsuite skipped="0" hostname="Ravi" name="Opp_Configuration.Opp_caseconfig84" tests="1" failures="0" timestamp="2020-12-20T12:53:40 IST" time="110.414" errors="0">
  <testcase name="TestCaseConfig1" time="110.414" classname="Opp_Configuration.Opp_caseconfig84"/>
  <system-out/>
</testsuite> <!-- Opp_Configuration.Opp_caseconfig84 -->
