<?xml version="1.0" encoding="UTF-8"?>
<!-- Generated by org.testng.reporters.JUnitReportReporter -->
<testsuite skipped="0" hostname="Ravi" name="ContactCreation_Allocation.ContactAllocation_TC06" tests="1" failures="0" timestamp="2020-12-18T11:07:48 IST" time="367.238" errors="0">
  <testcase name="ContactCreation_config06" time="367.238" classname="ContactCreation_Allocation.ContactAllocation_TC06"/>
  <system-out/>
</testsuite> <!-- ContactCreation_Allocation.ContactAllocation_TC06 -->
