<?xml version="1.0" encoding="UTF-8"?>
<!-- Generated by org.testng.reporters.JUnitReportReporter -->
<testsuite skipped="0" hostname="Ravi" name="Contact_Distribution.ContactConfig" tests="1" failures="0" timestamp="2020-12-18T12:52:34 IST" time="127.301" errors="0">
  <testcase name="TestContactConfig" time="127.301" classname="Contact_Distribution.ContactConfig"/>
  <system-out/>
</testsuite> <!-- Contact_Distribution.ContactConfig -->
