<?xml version="1.0" encoding="UTF-8"?>
<!-- Generated by org.testng.reporters.JUnitReportReporter -->
<testsuite skipped="0" hostname="Ravi" name="Leads_Configurations.Lead_Config8" tests="1" failures="0" timestamp="2020-12-15T16:49:02 IST" time="124.118" errors="0">
  <testcase name="Test_Config8" time="124.118" classname="Leads_Configurations.Lead_Config8"/>
  <system-out/>
</testsuite> <!-- Leads_Configurations.Lead_Config8 -->
