<?xml version="1.0" encoding="UTF-8"?>
<!-- Generated by org.testng.reporters.JUnitReportReporter -->
<testsuite skipped="0" hostname="Ravi" name="Caseconfiguration.CaseConfig4" tests="1" failures="0" timestamp="2020-12-21T10:51:11 IST" time="122.857" errors="0">
  <testcase name="TestCaseConfig4" time="122.857" classname="Caseconfiguration.CaseConfig4"/>
  <system-out/>
</testsuite> <!-- Caseconfiguration.CaseConfig4 -->
