<?xml version="1.0" encoding="UTF-8"?>
<!-- Generated by org.testng.reporters.JUnitReportReporter -->
<testsuite skipped="0" hostname="Ravi" name="CaseCreation_Allocation.CaseAllocation_config4" tests="1" failures="0" timestamp="2020-12-21T10:57:15 IST" time="335.618" errors="0">
  <testcase name="CaseCreation_config4" time="335.618" classname="CaseCreation_Allocation.CaseAllocation_config4"/>
  <system-out/>
</testsuite> <!-- CaseCreation_Allocation.CaseAllocation_config4 -->
