<?xml version="1.0" encoding="UTF-8"?>
<!-- Generated by org.testng.reporters.JUnitReportReporter -->
<testsuite skipped="0" hostname="Ravi" name="Leads_Configurations.Lead_Config19" tests="1" failures="0" timestamp="2020-12-16T10:37:54 IST" time="188.854" errors="0">
  <testcase name="Test_Config19" time="188.854" classname="Leads_Configurations.Lead_Config19"/>
  <system-out/>
</testsuite> <!-- Leads_Configurations.Lead_Config19 -->
