<?xml version="1.0" encoding="UTF-8"?>
<!-- Generated by org.testng.reporters.JUnitReportReporter -->
<testsuite skipped="0" hostname="Ravi" name="Accountconfiguration.AccountConfig3" tests="1" failures="0" timestamp="2020-12-17T11:15:21 IST" time="126.687" errors="0">
  <testcase name="TestAccountConfig3" time="126.687" classname="Accountconfiguration.AccountConfig3"/>
  <system-out/>
</testsuite> <!-- Accountconfiguration.AccountConfig3 -->
