<?xml version="1.0" encoding="UTF-8"?>
<!-- Generated by org.testng.reporters.JUnitReportReporter -->
<testsuite skipped="0" hostname="Ravi" name="AccountDistribution.ManualDistributionAccount09" tests="1" failures="0" timestamp="2020-12-17T12:59:31 IST" time="296.846" errors="0">
  <testcase name="AccountManualDistribution9" time="296.846" classname="AccountDistribution.ManualDistributionAccount09"/>
  <system-out/>
</testsuite> <!-- AccountDistribution.ManualDistributionAccount09 -->
