<?xml version="1.0" encoding="UTF-8"?>
<!-- Generated by org.testng.reporters.JUnitReportReporter -->
<testsuite skipped="0" hostname="Ravi" name="Lead_Creation_Allocation.Leads_Allocation_config2" tests="1" failures="0" timestamp="2020-12-15T11:04:00 IST" time="241.416" errors="0">
  <testcase name="LeadCreation_config2" time="241.416" classname="Lead_Creation_Allocation.Leads_Allocation_config2"/>
  <system-out/>
</testsuite> <!-- Lead_Creation_Allocation.Leads_Allocation_config2 -->
