<?xml version="1.0" encoding="UTF-8"?>
<!-- Generated by org.testng.reporters.JUnitReportReporter -->
<testsuite skipped="0" hostname="Ravi" name="Lead_Creation_Allocation.ExistingOpportunityFilter_TC13" tests="1" failures="0" timestamp="2020-12-16T15:59:09 IST" time="597.249" errors="0">
  <testcase name="LeadCreation_ExistingOpportunity_TC13" time="597.249" classname="Lead_Creation_Allocation.ExistingOpportunityFilter_TC13"/>
  <system-out/>
</testsuite> <!-- Lead_Creation_Allocation.ExistingOpportunityFilter_TC13 -->
