<?xml version="1.0" encoding="UTF-8"?>
<!-- Generated by org.testng.reporters.JUnitReportReporter -->
<testsuite skipped="0" hostname="Ravi" name="Leads_Configurations.Lead_Config29" tests="1" failures="0" timestamp="2020-12-16T16:25:23 IST" time="246.349" errors="0">
  <testcase name="Test_Config29" time="246.349" classname="Leads_Configurations.Lead_Config29"/>
  <system-out/>
</testsuite> <!-- Leads_Configurations.Lead_Config29 -->
