<?xml version="1.0" encoding="UTF-8"?>
<!-- Generated by org.testng.reporters.JUnitReportReporter -->
<testsuite skipped="0" hostname="Ravi" name="Caseconfiguration.PreRbacaseconfig" tests="1" failures="0" timestamp="2020-12-21T11:54:19 IST" time="139.658" errors="0">
  <testcase name="PreRBAcaseconfig" time="139.658" classname="Caseconfiguration.PreRbacaseconfig"/>
  <system-out/>
</testsuite> <!-- Caseconfiguration.PreRbacaseconfig -->
