<?xml version="1.0" encoding="UTF-8"?>
<!-- Generated by org.testng.reporters.JUnitReportReporter -->
<testsuite skipped="0" hostname="Ravi" name="Caseconfiguration.CaseConfig13" tests="1" failures="0" timestamp="2020-12-21T13:36:59 IST" time="110.705" errors="0">
  <testcase name="TestCaseConfig13" time="110.705" classname="Caseconfiguration.CaseConfig13"/>
  <system-out/>
</testsuite> <!-- Caseconfiguration.CaseConfig13 -->
