<?xml version="1.0" encoding="UTF-8"?>
<!-- Generated by org.testng.reporters.JUnitReportReporter -->
<testsuite skipped="0" hostname="Ravi" name="AccountCreation_Allocation.AccountAllocation_config9" tests="1" failures="0" timestamp="2020-12-17T12:59:31 IST" time="521.809" errors="0">
  <testcase name="AccountCreation_config9" time="521.809" classname="AccountCreation_Allocation.AccountAllocation_config9"/>
  <system-out/>
</testsuite> <!-- AccountCreation_Allocation.AccountAllocation_config9 -->
