<?xml version="1.0" encoding="UTF-8"?>
<!-- Generated by org.testng.reporters.JUnitReportReporter -->
<testsuite skipped="0" hostname="Ravi" name="DefineTeamSetup.DefineTeam_Case" tests="1" failures="0" timestamp="2020-12-20T21:12:06 IST" time="2455.225" errors="0">
  <testcase name="DefineTeamSetup_case" time="2455.225" classname="DefineTeamSetup.DefineTeam_Case"/>
  <system-out/>
</testsuite> <!-- DefineTeamSetup.DefineTeam_Case -->
