<?xml version="1.0" encoding="UTF-8"?>
<!-- Generated by org.testng.reporters.JUnitReportReporter -->
<testsuite skipped="0" hostname="Ravi" name="AccountCreation_Allocation.AccountAllocation_config6" tests="1" failures="0" timestamp="2020-12-17T12:17:12 IST" time="309.464" errors="0">
  <testcase name="AccountCreation_config6" time="309.464" classname="AccountCreation_Allocation.AccountAllocation_config6"/>
  <system-out/>
</testsuite> <!-- AccountCreation_Allocation.AccountAllocation_config6 -->
