<?xml version="1.0" encoding="UTF-8"?>
<!-- Generated by org.testng.reporters.JUnitReportReporter -->
<testsuite skipped="0" hostname="Ravi" name="Caseconfiguration.CaseConfig8" tests="1" failures="0" timestamp="2020-12-21T12:21:44 IST" time="107.353" errors="0">
  <testcase name="TestCaseConfig5" time="107.353" classname="Caseconfiguration.CaseConfig8"/>
  <system-out/>
</testsuite> <!-- Caseconfiguration.CaseConfig8 -->
