<?xml version="1.0" encoding="UTF-8"?>
<!-- Generated by org.testng.reporters.JUnitReportReporter -->
<testsuite skipped="0" hostname="Ravi" name="OppCreation_Allocation.Opp_Allocation_config85" tests="1" failures="0" timestamp="2020-12-20T13:08:43 IST" time="405.314" errors="0">
  <testcase name="OpportunityCreation_config85" time="405.314" classname="OppCreation_Allocation.Opp_Allocation_config85"/>
  <system-out/>
</testsuite> <!-- OppCreation_Allocation.Opp_Allocation_config85 -->
