<?xml version="1.0" encoding="UTF-8"?>
<!-- Generated by org.testng.reporters.JUnitReportReporter -->
<testsuite skipped="0" hostname="Ravi" name="CaseCreation_Allocation.CaseAllocation_config15" tests="1" failures="0" timestamp="2020-12-21T14:00:15 IST" time="740.486" errors="0">
  <testcase name="CaseCreation_config15" time="740.486" classname="CaseCreation_Allocation.CaseAllocation_config15"/>
  <system-out/>
</testsuite> <!-- CaseCreation_Allocation.CaseAllocation_config15 -->
