<?xml version="1.0" encoding="UTF-8"?>
<!-- Generated by org.testng.reporters.JUnitReportReporter -->
<testsuite skipped="0" hostname="Ravi" name="Opp_DefineTeamSetUp.Opp_DefineTeams" tests="1" failures="0" timestamp="2020-12-20T10:18:54 IST" time="2304.173" errors="0">
  <testcase name="DefineTeamSetup" time="2304.173" classname="Opp_DefineTeamSetUp.Opp_DefineTeams"/>
  <system-out/>
</testsuite> <!-- Opp_DefineTeamSetUp.Opp_DefineTeams -->
