<?xml version="1.0" encoding="UTF-8"?>
<!-- Generated by org.testng.reporters.JUnitReportReporter -->
<testsuite skipped="0" hostname="Ravi" name="Leads_Configurations.Lead_Config23" tests="1" failures="0" timestamp="2020-12-16T12:18:35 IST" time="185.349" errors="0">
  <testcase name="Test_Config23" time="185.349" classname="Leads_Configurations.Lead_Config23"/>
  <system-out/>
</testsuite> <!-- Leads_Configurations.Lead_Config23 -->
