<?xml version="1.0" encoding="UTF-8"?>
<!-- Generated by org.testng.reporters.JUnitReportReporter -->
<testsuite skipped="0" hostname="Ravi" name="AccountCreation_Allocation.AccountAllocation_config2" tests="1" failures="0" timestamp="2020-12-17T11:50:05 IST" time="294.269" errors="0">
  <testcase name="AccountCreation_config1" time="294.269" classname="AccountCreation_Allocation.AccountAllocation_config2"/>
  <system-out/>
</testsuite> <!-- AccountCreation_Allocation.AccountAllocation_config2 -->
