<?xml version="1.0" encoding="UTF-8"?>
<!-- Generated by org.testng.reporters.JUnitReportReporter -->
<testsuite skipped="0" hostname="Ravi" name="CaseCreation_Allocation.CaseAllocation_config17" tests="1" failures="0" timestamp="2020-12-21T14:24:24 IST" time="374.054" errors="0">
  <testcase name="CaseCreation_config17" time="374.054" classname="CaseCreation_Allocation.CaseAllocation_config17"/>
  <system-out/>
</testsuite> <!-- CaseCreation_Allocation.CaseAllocation_config17 -->
