<?xml version="1.0" encoding="UTF-8"?>
<!-- Generated by org.testng.reporters.JUnitReportReporter -->
<testsuite skipped="0" hostname="Ravi" name="CaseCreation_Allocation.CaseAllocation_config5" tests="1" failures="0" timestamp="2020-12-21T11:16:26 IST" time="441.708" errors="0">
  <testcase name="CaseCreation_config5" time="441.708" classname="CaseCreation_Allocation.CaseAllocation_config5"/>
  <system-out/>
</testsuite> <!-- CaseCreation_Allocation.CaseAllocation_config5 -->
