<?xml version="1.0" encoding="UTF-8"?>
<!-- Generated by org.testng.reporters.JUnitReportReporter -->
<testsuite skipped="0" hostname="Ravi" name="Caseconfiguration.CaseConfig16" tests="1" failures="0" timestamp="2020-12-21T14:10:28 IST" time="110.664" errors="0">
  <testcase name="TestCaseConfig16" time="110.664" classname="Caseconfiguration.CaseConfig16"/>
  <system-out/>
</testsuite> <!-- Caseconfiguration.CaseConfig16 -->
