<?xml version="1.0" encoding="UTF-8"?>
<!-- Generated by org.testng.reporters.JUnitReportReporter -->
<testsuite skipped="0" hostname="Ravi" name="Accountconfiguration.AccountConfig1" tests="1" failures="0" timestamp="2020-12-17T10:57:06 IST" time="132.228" errors="0">
  <testcase name="TestAccountConfig1" time="132.228" classname="Accountconfiguration.AccountConfig1"/>
  <system-out/>
</testsuite> <!-- Accountconfiguration.AccountConfig1 -->
