<?xml version="1.0" encoding="UTF-8"?>
<!-- Generated by org.testng.reporters.JUnitReportReporter -->
<testsuite skipped="0" hostname="Ravi" name="Lead_Creation_Allocation.LeadRBAFilters_TC12" tests="1" failures="0" timestamp="2020-12-16T10:37:54 IST" time="416.467" errors="0">
  <testcase name="LeadCreation_LeadRBAFilter_TC12" time="416.467" classname="Lead_Creation_Allocation.LeadRBAFilters_TC12"/>
  <system-out/>
</testsuite> <!-- Lead_Creation_Allocation.LeadRBAFilters_TC12 -->
