<?xml version="1.0" encoding="UTF-8"?>
<!-- Generated by org.testng.reporters.JUnitReportReporter -->
<testsuite skipped="0" hostname="Ravi" name="EditTeamSetupAccount.EditTeamAcc_config10" tests="1" failures="0" timestamp="2020-12-17T15:57:11 IST" time="106.789" errors="0">
  <testcase name="EditTeamsetup" time="106.789" classname="EditTeamSetupAccount.EditTeamAcc_config10"/>
  <system-out/>
</testsuite> <!-- EditTeamSetupAccount.EditTeamAcc_config10 -->
