<?xml version="1.0" encoding="UTF-8"?>
<!-- Generated by org.testng.reporters.JUnitReportReporter -->
<testsuite skipped="0" hostname="Ravi" name="AccountCreation_Allocation.AccountAllocation_config13" tests="1" failures="0" timestamp="2020-12-17T15:14:53 IST" time="382.588" errors="0">
  <testcase name="AccountCreation_config13" time="382.588" classname="AccountCreation_Allocation.AccountAllocation_config13"/>
  <system-out/>
</testsuite> <!-- AccountCreation_Allocation.AccountAllocation_config13 -->
