<?xml version="1.0" encoding="UTF-8"?>
<!-- Generated by org.testng.reporters.JUnitReportReporter -->
<testsuite skipped="0" hostname="Ravi" name="Caseconfiguration.CaseConfig1" tests="1" failures="0" timestamp="2020-12-20T21:24:23 IST" time="125.763" errors="0">
  <testcase name="TestCaseConfig1" time="125.763" classname="Caseconfiguration.CaseConfig1"/>
  <system-out/>
</testsuite> <!-- Caseconfiguration.CaseConfig1 -->
