<?xml version="1.0" encoding="UTF-8"?>
<!-- Generated by org.testng.reporters.JUnitReportReporter -->
<testsuite skipped="0" hostname="Ravi" name="Lead_Creation_Allocation.LeadFields_TC10" tests="1" failures="0" timestamp="2020-12-15T13:53:43 IST" time="408.941" errors="0">
  <testcase name="LeadCreation_LeadFields_TC10" time="408.941" classname="Lead_Creation_Allocation.LeadFields_TC10"/>
  <system-out/>
</testsuite> <!-- Lead_Creation_Allocation.LeadFields_TC10 -->
