<?xml version="1.0" encoding="UTF-8"?>
<!-- Generated by org.testng.reporters.JUnitReportReporter -->
<testsuite skipped="0" hostname="Ravi" name="Caseconfiguration.CaseConfig10" tests="1" failures="0" timestamp="2020-12-21T12:49:19 IST" time="107.333" errors="0">
  <testcase name="TestCaseConfig5" time="107.333" classname="Caseconfiguration.CaseConfig10"/>
  <system-out/>
</testsuite> <!-- Caseconfiguration.CaseConfig10 -->
