<?xml version="1.0" encoding="UTF-8"?>
<!-- Generated by org.testng.reporters.JUnitReportReporter -->
<testsuite skipped="0" hostname="Ravi" name="Accountconfiguration.AccountConfig2" tests="1" failures="0" timestamp="2020-12-17T11:50:05 IST" time="125.881" errors="0">
  <testcase name="TestAccountConfig2" time="125.881" classname="Accountconfiguration.AccountConfig2"/>
  <system-out/>
</testsuite> <!-- Accountconfiguration.AccountConfig2 -->
