<?xml version="1.0" encoding="UTF-8"?>
<!-- Generated by org.testng.reporters.JUnitReportReporter -->
<testsuite skipped="0" hostname="Ravi" name="ContactCreation_Allocation.ContactAllocation_TC11" tests="1" failures="0" timestamp="2020-12-18T12:39:09 IST" time="268.266" errors="0">
  <testcase name="ContactCreation_config11" time="268.266" classname="ContactCreation_Allocation.ContactAllocation_TC11"/>
  <system-out/>
</testsuite> <!-- ContactCreation_Allocation.ContactAllocation_TC11 -->
