<?xml version="1.0" encoding="UTF-8"?>
<!-- Generated by org.testng.reporters.JUnitReportReporter -->
<testsuite skipped="0" hostname="Ravi" name="Lead_Creation_Allocation.LeadRBAFilters_TC13" tests="1" failures="0" timestamp="2020-12-16T11:00:08 IST" time="532.169" errors="0">
  <testcase name="LeadCreation_LeadRBAFilter_TC13" time="532.169" classname="Lead_Creation_Allocation.LeadRBAFilters_TC13"/>
  <system-out/>
</testsuite> <!-- Lead_Creation_Allocation.LeadRBAFilters_TC13 -->
