<?xml version="1.0" encoding="UTF-8"?>
<!-- Generated by org.testng.reporters.JUnitReportReporter -->
<testsuite skipped="0" hostname="Ravi" name="Leads_Configurations.Lead_Config1" tests="1" failures="0" timestamp="2020-12-15T10:48:16 IST" time="119.110" errors="0">
  <testcase name="Test_Config1" time="119.110" classname="Leads_Configurations.Lead_Config1"/>
  <system-out/>
</testsuite> <!-- Leads_Configurations.Lead_Config1 -->
