<?xml version="1.0" encoding="UTF-8"?>
<!-- Generated by org.testng.reporters.JUnitReportReporter -->
<testsuite skipped="0" hostname="Ravi" name="Lead_Creation_Allocation.LeadFields_TC13" tests="1" failures="0" timestamp="2020-12-15T18:05:28 IST" time="416.356" errors="0">
  <testcase name="LeadCreation_LeadFields_TC13" time="416.356" classname="Lead_Creation_Allocation.LeadFields_TC13"/>
  <system-out/>
</testsuite> <!-- Lead_Creation_Allocation.LeadFields_TC13 -->
