<?xml version="1.0" encoding="UTF-8"?>
<!-- Generated by org.testng.reporters.JUnitReportReporter -->
<testsuite skipped="0" hostname="Ravi" name="CaseCreation_Allocation.PreRbaCaseAllocation8Online" tests="1" failures="0" timestamp="2020-12-21T12:21:44 IST" time="306.220" errors="0">
  <testcase name="PreRBAcaseAllocation8" time="306.220" classname="CaseCreation_Allocation.PreRbaCaseAllocation8Online"/>
  <system-out/>
</testsuite> <!-- CaseCreation_Allocation.PreRbaCaseAllocation8Online -->
