<?xml version="1.0" encoding="UTF-8"?>
<!-- Generated by org.testng.reporters.JUnitReportReporter -->
<testsuite skipped="0" hostname="Ravi" name="Caseconfiguration.CaseConfig6" tests="1" failures="0" timestamp="2020-12-21T10:28:58 IST" time="125.391" errors="0">
  <testcase name="TestCaseConfig5" time="125.391" classname="Caseconfiguration.CaseConfig6"/>
  <system-out/>
</testsuite> <!-- Caseconfiguration.CaseConfig6 -->
