<?xml version="1.0" encoding="UTF-8"?>
<!-- Generated by org.testng.reporters.JUnitReportReporter -->
<testsuite skipped="0" hostname="Ravi" name="Lead_Creation_Allocation.LeadFields_TC12" tests="1" failures="0" timestamp="2020-12-15T17:53:35 IST" time="412.377" errors="0">
  <testcase name="LeadCreation_LeadFields_TC12" time="412.377" classname="Lead_Creation_Allocation.LeadFields_TC12"/>
  <system-out/>
</testsuite> <!-- Lead_Creation_Allocation.LeadFields_TC12 -->
