<?xml version="1.0" encoding="UTF-8"?>
<!-- Generated by org.testng.reporters.JUnitReportReporter -->
<testsuite skipped="0" hostname="Ravi" name="Contact_Distribution.EditContactTeam" tests="1" failures="0" timestamp="2020-12-18T13:43:33 IST" time="143.367" errors="0">
  <testcase name="EditTeamsetup" time="143.367" classname="Contact_Distribution.EditContactTeam"/>
  <system-out/>
</testsuite> <!-- Contact_Distribution.EditContactTeam -->
