<?xml version="1.0" encoding="UTF-8"?>
<!-- Generated by org.testng.reporters.JUnitReportReporter -->
<testsuite skipped="0" hostname="Ravi" name="Opp_Configuration.Opp_caseconfig4" tests="1" failures="0" timestamp="2020-12-20T11:23:12 IST" time="112.646" errors="0">
  <testcase name="TestCaseConfig1" time="112.646" classname="Opp_Configuration.Opp_caseconfig4"/>
  <system-out/>
</testsuite> <!-- Opp_Configuration.Opp_caseconfig4 -->
