<?xml version="1.0" encoding="UTF-8"?>
<!-- Generated by org.testng.reporters.JUnitReportReporter -->
<testsuite skipped="0" hostname="Ravi" name="CaseCreation_Allocation.CaseAllocation_config9" tests="1" failures="0" timestamp="2020-12-21T12:38:54 IST" time="367.342" errors="0">
  <testcase name="CaseCreation_config9" time="367.342" classname="CaseCreation_Allocation.CaseAllocation_config9"/>
  <system-out/>
</testsuite> <!-- CaseCreation_Allocation.CaseAllocation_config9 -->
