<?xml version="1.0" encoding="UTF-8"?>
<!-- Generated by org.testng.reporters.JUnitReportReporter -->
<testsuite skipped="0" hostname="Ravi" name="Leads_Configurations.Lead_Config25" tests="1" failures="0" timestamp="2020-12-16T12:56:21 IST" time="185.494" errors="0">
  <testcase name="Test_Config25" time="185.494" classname="Leads_Configurations.Lead_Config25"/>
  <system-out/>
</testsuite> <!-- Leads_Configurations.Lead_Config25 -->
