<?xml version="1.0" encoding="UTF-8"?>
<!-- Generated by org.testng.reporters.JUnitReportReporter -->
<testsuite skipped="0" hostname="Ravi" name="OppCreation_Allocation.Pre_OppAllocation_config85" tests="1" failures="0" timestamp="2020-12-20T13:08:43 IST" time="216.038" errors="0">
  <testcase name="OpportunityCreation_config84" time="216.038" classname="OppCreation_Allocation.Pre_OppAllocation_config85"/>
  <system-out/>
</testsuite> <!-- OppCreation_Allocation.Pre_OppAllocation_config85 -->
