<?xml version="1.0" encoding="UTF-8"?>
<!-- Generated by org.testng.reporters.JUnitReportReporter -->
<testsuite skipped="0" hostname="Ravi" name="CaseCreation_Allocation.CaseAllocation_config7" tests="1" failures="0" timestamp="2020-12-21T11:54:19 IST" time="335.539" errors="0">
  <testcase name="CaseCreation_config7" time="335.539" classname="CaseCreation_Allocation.CaseAllocation_config7"/>
  <system-out/>
</testsuite> <!-- CaseCreation_Allocation.CaseAllocation_config7 -->
