<?xml version="1.0" encoding="UTF-8"?>
<!-- Generated by org.testng.reporters.JUnitReportReporter -->
<testsuite skipped="0" hostname="Ravi" name="Opp_Configuration.Opp_caseconfig1" tests="1" failures="0" timestamp="2020-12-20T13:29:05 IST" time="109.892" errors="0">
  <testcase name="TestCaseConfig1" time="109.892" classname="Opp_Configuration.Opp_caseconfig1"/>
  <system-out/>
</testsuite> <!-- Opp_Configuration.Opp_caseconfig1 -->
