<?xml version="1.0" encoding="UTF-8"?>
<!-- Generated by org.testng.reporters.JUnitReportReporter -->
<testsuite skipped="0" hostname="Ravi" name="OppCreation_Allocation.Pre_OppAllocation_config83" tests="1" failures="0" timestamp="2020-12-20T12:37:38 IST" time="205.805" errors="0">
  <testcase name="OpportunityCreation_config1" time="205.805" classname="OppCreation_Allocation.Pre_OppAllocation_config83"/>
  <system-out/>
</testsuite> <!-- OppCreation_Allocation.Pre_OppAllocation_config83 -->
