<?xml version="1.0" encoding="UTF-8"?>
<!-- Generated by org.testng.reporters.JUnitReportReporter -->
<testsuite skipped="0" hostname="Ravi" name="CaseCreation_Allocation.CaseAllocation_config3" tests="1" failures="0" timestamp="2020-12-20T21:41:22 IST" time="314.471" errors="0">
  <testcase name="CaseCreation_config3" time="314.471" classname="CaseCreation_Allocation.CaseAllocation_config3"/>
  <system-out/>
</testsuite> <!-- CaseCreation_Allocation.CaseAllocation_config3 -->
