<?xml version="1.0" encoding="UTF-8"?>
<!-- Generated by org.testng.reporters.JUnitReportReporter -->
<testsuite skipped="0" hostname="Ravi" name="Leads_Configurations.Lead_Config24" tests="1" failures="0" timestamp="2020-12-16T12:44:01 IST" time="184.469" errors="0">
  <testcase name="Test_Config24" time="184.469" classname="Leads_Configurations.Lead_Config24"/>
  <system-out/>
</testsuite> <!-- Leads_Configurations.Lead_Config24 -->
