<?xml version="1.0" encoding="UTF-8"?>
<!-- Generated by org.testng.reporters.JUnitReportReporter -->
<testsuite skipped="0" hostname="Ravi" name="Leads_Configurations.Lead_Config26" tests="1" failures="0" timestamp="2020-12-16T15:31:09 IST" time="219.626" errors="0">
  <testcase name="Test_Config26" time="219.626" classname="Leads_Configurations.Lead_Config26"/>
  <system-out/>
</testsuite> <!-- Leads_Configurations.Lead_Config26 -->
