<?xml version="1.0" encoding="UTF-8"?>
<!-- Generated by org.testng.reporters.JUnitReportReporter -->
<testsuite skipped="0" hostname="Ravi" name="CaseCreation_Allocation.preRbaCaseAllocationconfig7" tests="1" failures="0" timestamp="2020-12-21T11:54:19 IST" time="324.850" errors="0">
  <testcase name="PreRBAcaseAllocation7" time="324.850" classname="CaseCreation_Allocation.preRbaCaseAllocationconfig7"/>
  <system-out/>
</testsuite> <!-- CaseCreation_Allocation.preRbaCaseAllocationconfig7 -->
