<?xml version="1.0" encoding="UTF-8"?>
<!-- Generated by org.testng.reporters.JUnitReportReporter -->
<testsuite skipped="0" hostname="Ravi" name="Accountconfiguration.AccountConfig7" tests="1" failures="0" timestamp="2020-12-17T12:27:25 IST" time="130.052" errors="0">
  <testcase name="TestAccountConfig7" time="130.052" classname="Accountconfiguration.AccountConfig7"/>
  <system-out/>
</testsuite> <!-- Accountconfiguration.AccountConfig7 -->
