<?xml version="1.0" encoding="UTF-8"?>
<!-- Generated by org.testng.reporters.JUnitReportReporter -->
<testsuite skipped="0" hostname="Ravi" name="Lead_Creation_Allocation.ExistingOpportunityFilter_TC15" tests="1" failures="0" timestamp="2020-12-16T16:25:23 IST" time="412.087" errors="0">
  <testcase name="LeadCreation_ExistingOpportunity_TC15" time="412.087" classname="Lead_Creation_Allocation.ExistingOpportunityFilter_TC15"/>
  <system-out/>
</testsuite> <!-- Lead_Creation_Allocation.ExistingOpportunityFilter_TC15 -->
