<?xml version="1.0" encoding="UTF-8"?>
<!-- Generated by org.testng.reporters.JUnitReportReporter -->
<testsuite skipped="0" hostname="Ravi" name="Lead_Creation_Allocation.ExistingOpportunityFilter_TC14" tests="1" failures="0" timestamp="2020-12-16T16:13:54 IST" time="400.039" errors="0">
  <testcase name="LeadCreation_ExistingOpportunity_TC14" time="400.039" classname="Lead_Creation_Allocation.ExistingOpportunityFilter_TC14"/>
  <system-out/>
</testsuite> <!-- Lead_Creation_Allocation.ExistingOpportunityFilter_TC14 -->
