<?xml version="1.0" encoding="UTF-8"?>
<!-- Generated by org.testng.reporters.JUnitReportReporter -->
<testsuite skipped="0" hostname="Ravi" name="Lead_Creation_Allocation.LeadRBAFilters_TC11" tests="1" failures="0" timestamp="2020-12-16T10:26:10 IST" time="411.530" errors="0">
  <testcase name="LeadCreation_LeadRBAFilter_TC11" time="411.530" classname="Lead_Creation_Allocation.LeadRBAFilters_TC11"/>
  <system-out/>
</testsuite> <!-- Lead_Creation_Allocation.LeadRBAFilters_TC11 -->
