<?xml version="1.0" encoding="UTF-8"?>
<!-- Generated by org.testng.reporters.JUnitReportReporter -->
<testsuite skipped="0" hostname="Ravi" name="AccountScenario.DefineTeam_Account" tests="1" failures="0" timestamp="2020-12-10T12:33:40 IST" time="145.919" errors="0">
  <testcase name="DefineTeamSetup_case" time="145.919" classname="AccountScenario.DefineTeam_Account"/>
  <system-out/>
</testsuite> <!-- AccountScenario.DefineTeam_Account -->
