<?xml version="1.0" encoding="UTF-8"?>
<!-- Generated by org.testng.reporters.JUnitReportReporter -->
<testsuite skipped="0" hostname="Ravi" name="AccountCreation_Allocation.AccountAllocation_config1" tests="1" failures="0" timestamp="2020-12-17T10:59:26 IST" time="75.210" errors="0">
  <testcase name="AccountCreation_config1" time="75.210" classname="AccountCreation_Allocation.AccountAllocation_config1"/>
  <system-out/>
</testsuite> <!-- AccountCreation_Allocation.AccountAllocation_config1 -->
