<?xml version="1.0" encoding="UTF-8"?>
<!-- Generated by org.testng.reporters.JUnitReportReporter -->
<testsuite skipped="0" hostname="Ravi" name="Leads_Configurations.Lead_Config9" tests="1" failures="0" timestamp="2020-12-15T17:53:35 IST" time="122.289" errors="0">
  <testcase name="Test_Config9" time="122.289" classname="Leads_Configurations.Lead_Config9"/>
  <system-out/>
</testsuite> <!-- Leads_Configurations.Lead_Config9 -->
