<?xml version="1.0" encoding="UTF-8"?>
<!-- Generated by org.testng.reporters.JUnitReportReporter -->
<testsuite skipped="0" hostname="Ravi" name="ContactCreation_Allocation.ContactAllocation_TC08" tests="1" failures="0" timestamp="2020-12-18T11:21:17 IST" time="98.893" errors="0">
  <testcase name="ContactCreation_config08" time="98.893" classname="ContactCreation_Allocation.ContactAllocation_TC08"/>
  <system-out/>
</testsuite> <!-- ContactCreation_Allocation.ContactAllocation_TC08 -->
