<?xml version="1.0" encoding="UTF-8"?>
<!-- Generated by org.testng.reporters.JUnitReportReporter -->
<testsuite skipped="0" hostname="Ravi" name="OppCreation_Allocation.Opp_Allocation_config2" tests="1" failures="0" timestamp="2020-12-20T10:56:16 IST" time="622.237" errors="0">
  <testcase name="OpportunityCreation_config2" time="622.237" classname="OppCreation_Allocation.Opp_Allocation_config2"/>
  <system-out/>
</testsuite> <!-- OppCreation_Allocation.Opp_Allocation_config2 -->
