<?xml version="1.0" encoding="UTF-8"?>
<!-- Generated by org.testng.reporters.JUnitReportReporter -->
<testsuite skipped="0" hostname="Ravi" name="Accountconfiguration.AccountConfig8" tests="1" failures="0" timestamp="2020-12-17T12:37:53 IST" time="127.219" errors="0">
  <testcase name="TestAccountConfig8" time="127.219" classname="Accountconfiguration.AccountConfig8"/>
  <system-out/>
</testsuite> <!-- Accountconfiguration.AccountConfig8 -->
