<?xml version="1.0" encoding="UTF-8"?>
<!-- Generated by org.testng.reporters.JUnitReportReporter -->
<testsuite skipped="0" hostname="Ravi" name="OppCreation_Allocation.Opp_Allocation_config1" tests="1" failures="0" timestamp="2020-12-20T13:26:29 IST" time="616.659" errors="0">
  <testcase name="OpportunityCreation_config1" time="616.659" classname="OppCreation_Allocation.Opp_Allocation_config1"/>
  <system-out/>
</testsuite> <!-- OppCreation_Allocation.Opp_Allocation_config1 -->
