<?xml version="1.0" encoding="UTF-8"?>
<!-- Generated by org.testng.reporters.JUnitReportReporter -->
<testsuite skipped="0" hostname="Ravi" name="ContactCreation_Allocation.ContactAllocation_TC09" tests="1" failures="0" timestamp="2020-12-18T12:10:17 IST" time="268.950" errors="0">
  <testcase name="ContactCreation_config09" time="268.950" classname="ContactCreation_Allocation.ContactAllocation_TC09"/>
  <system-out/>
</testsuite> <!-- ContactCreation_Allocation.ContactAllocation_TC09 -->
