<?xml version="1.0" encoding="UTF-8"?>
<!-- Generated by org.testng.reporters.JUnitReportReporter -->
<testsuite skipped="0" hostname="Ravi" name="Accountconfiguration.AccountConfig9" tests="1" failures="0" timestamp="2020-12-17T12:59:31 IST" time="128.266" errors="0">
  <testcase name="TestAccountConfig9" time="128.266" classname="Accountconfiguration.AccountConfig9"/>
  <system-out/>
</testsuite> <!-- Accountconfiguration.AccountConfig9 -->
