<?xml version="1.0" encoding="UTF-8"?>
<!-- Generated by org.testng.reporters.JUnitReportReporter -->
<testsuite skipped="0" hostname="Ravi" name="Lead_Creation_Allocation.ExistingAccount_TC05" tests="1" failures="0" timestamp="2020-12-16T11:51:03 IST" time="211.573" errors="0">
  <testcase name="LeadCreation_ExistingAccount_TC05" time="211.573" classname="Lead_Creation_Allocation.ExistingAccount_TC05"/>
  <system-out/>
</testsuite> <!-- Lead_Creation_Allocation.ExistingAccount_TC05 -->
