<?xml version="1.0" encoding="UTF-8"?>
<!-- Generated by org.testng.reporters.JUnitReportReporter -->
<testsuite skipped="0" hostname="Ravi" name="Leads_Configurations.Lead_Config11" tests="1" failures="0" timestamp="2020-12-16T11:51:03 IST" time="121.230" errors="0">
  <testcase name="Test_Config11" time="121.230" classname="Leads_Configurations.Lead_Config11"/>
  <system-out/>
</testsuite> <!-- Leads_Configurations.Lead_Config11 -->
