<?xml version="1.0" encoding="UTF-8"?>
<!-- Generated by org.testng.reporters.JUnitReportReporter -->
<testsuite skipped="0" hostname="Ravi" name="Accountconfiguration.AccountConfig6" tests="1" failures="0" timestamp="2020-12-17T12:17:12 IST" time="127.861" errors="0">
  <testcase name="TestAccountConfig6" time="127.861" classname="Accountconfiguration.AccountConfig6"/>
  <system-out/>
</testsuite> <!-- Accountconfiguration.AccountConfig6 -->
