<?xml version="1.0" encoding="UTF-8"?>
<!-- Generated by org.testng.reporters.JUnitReportReporter -->
<testsuite skipped="0" hostname="Ravi" name="ContactCreation_Allocation.ContactAllocation_TC02" tests="1" failures="0" timestamp="2020-12-17T18:11:41 IST" time="184.396" errors="0">
  <testcase name="ContactCreation_config2" time="184.396" classname="ContactCreation_Allocation.ContactAllocation_TC02"/>
  <system-out/>
</testsuite> <!-- ContactCreation_Allocation.ContactAllocation_TC02 -->
