<?xml version="1.0" encoding="UTF-8"?>
<!-- Generated by org.testng.reporters.JUnitReportReporter -->
<testsuite skipped="0" hostname="Ravi" name="Lead_Creation_Allocation.Leads_Allocation_config3" tests="1" failures="0" timestamp="2020-12-15T11:37:57 IST" time="235.040" errors="0">
  <testcase name="LeadCreation_config3" time="235.040" classname="Lead_Creation_Allocation.Leads_Allocation_config3"/>
  <system-out/>
</testsuite> <!-- Lead_Creation_Allocation.Leads_Allocation_config3 -->
