<?xml version="1.0" encoding="UTF-8"?>
<!-- Generated by org.testng.reporters.JUnitReportReporter -->
<testsuite skipped="0" hostname="Ravi" name="CaseCreation_Allocation.CaseAllocation_config11" tests="1" failures="0" timestamp="2020-12-21T13:19:34 IST" time="325.330" errors="0">
  <testcase name="CaseCreation_config11" time="325.330" classname="CaseCreation_Allocation.CaseAllocation_config11"/>
  <system-out/>
</testsuite> <!-- CaseCreation_Allocation.CaseAllocation_config11 -->
