<?xml version="1.0" encoding="UTF-8"?>
<!-- Generated by org.testng.reporters.JUnitReportReporter -->
<testsuite skipped="0" hostname="Ravi" name="CaseCreation_Allocation.PreRBACaseAllocation" tests="1" failures="0" timestamp="2020-12-21T10:48:05 IST" time="335.048" errors="0">
  <testcase name="PreRBAcaseAllocation" time="335.048" classname="CaseCreation_Allocation.PreRBACaseAllocation"/>
  <system-out/>
</testsuite> <!-- CaseCreation_Allocation.PreRBACaseAllocation -->
