<?xml version="1.0" encoding="UTF-8"?>
<!-- Generated by org.testng.reporters.JUnitReportReporter -->
<testsuite skipped="0" hostname="Ravi" name="OppCreation_Allocation.Opp_Allocation_config3" tests="1" failures="0" timestamp="2020-12-20T11:09:29 IST" time="358.940" errors="0">
  <testcase name="OpportunityCreation_config5" time="358.940" classname="OppCreation_Allocation.Opp_Allocation_config3"/>
  <system-out/>
</testsuite> <!-- OppCreation_Allocation.Opp_Allocation_config3 -->
