<?xml version="1.0" encoding="UTF-8"?>
<!-- Generated by org.testng.reporters.JUnitReportReporter -->
<testsuite skipped="0" hostname="Ravi" name="Lead_Creation_Allocation.Leads_Allocation_config1" tests="1" failures="0" timestamp="2020-12-15T10:48:16 IST" time="141.537" errors="0">
  <testcase name="LeadCreation_config1" time="141.537" classname="Lead_Creation_Allocation.Leads_Allocation_config1"/>
  <system-out/>
</testsuite> <!-- Lead_Creation_Allocation.Leads_Allocation_config1 -->
