<?xml version="1.0" encoding="UTF-8"?>
<!-- Generated by org.testng.reporters.JUnitReportReporter -->
<testsuite skipped="0" hostname="Ravi" name="ContactCreation_Allocation.ContactAllocation_TC03" tests="1" failures="0" timestamp="2020-12-18T10:31:04 IST" time="192.047" errors="0">
  <testcase name="ContactCreation_config03" time="192.047" classname="ContactCreation_Allocation.ContactAllocation_TC03"/>
  <system-out/>
</testsuite> <!-- ContactCreation_Allocation.ContactAllocation_TC03 -->
