<?xml version="1.0" encoding="UTF-8"?>
<!-- Generated by org.testng.reporters.JUnitReportReporter -->
<testsuite skipped="0" hostname="Ravi" name="Caseconfiguration.CaseConfig14" tests="1" failures="0" timestamp="2020-12-21T13:45:24 IST" time="107.450" errors="0">
  <testcase name="TestCaseConfig14" time="107.450" classname="Caseconfiguration.CaseConfig14"/>
  <system-out/>
</testsuite> <!-- Caseconfiguration.CaseConfig14 -->
