<?xml version="1.0" encoding="UTF-8"?>
<!-- Generated by org.testng.reporters.JUnitReportReporter -->
<testsuite skipped="0" hostname="Ravi" name="Caseconfiguration.CaseConfig12" tests="1" failures="0" timestamp="2020-12-21T13:29:25 IST" time="112.247" errors="0">
  <testcase name="TestCaseConfig12" time="112.247" classname="Caseconfiguration.CaseConfig12"/>
  <system-out/>
</testsuite> <!-- Caseconfiguration.CaseConfig12 -->
