<?xml version="1.0" encoding="UTF-8"?>
<!-- Generated by org.testng.reporters.JUnitReportReporter -->
<testsuite skipped="0" hostname="Ravi" name="Accountconfiguration.AccountConfig12" tests="1" failures="0" timestamp="2020-12-17T13:51:14 IST" time="125.620" errors="0">
  <testcase name="TestAccountConfig12" time="125.620" classname="Accountconfiguration.AccountConfig12"/>
  <system-out/>
</testsuite> <!-- Accountconfiguration.AccountConfig12 -->
