<?xml version="1.0" encoding="UTF-8"?>
<!-- Generated by org.testng.reporters.JUnitReportReporter -->
<testsuite skipped="0" hostname="Ravi" name="Caseconfiguration.CaseConfig5" tests="1" failures="0" timestamp="2020-12-11T13:06:17 IST" time="131.148" errors="0">
  <testcase name="TestCaseConfig5" time="131.148" classname="Caseconfiguration.CaseConfig5"/>
  <system-out/>
</testsuite> <!-- Caseconfiguration.CaseConfig5 -->
