<?xml version="1.0" encoding="UTF-8"?>
<!-- Generated by org.testng.reporters.JUnitReportReporter -->
<testsuite skipped="0" hostname="Ravi" name="Leads_Configurations.Lead_Config13" tests="1" failures="0" timestamp="2020-12-16T13:20:09 IST" time="125.374" errors="0">
  <testcase name="Test_Config13" time="125.374" classname="Leads_Configurations.Lead_Config13"/>
  <system-out/>
</testsuite> <!-- Leads_Configurations.Lead_Config13 -->
