<?xml version="1.0" encoding="UTF-8"?>
<!-- Generated by org.testng.reporters.JUnitReportReporter -->
<testsuite skipped="0" hostname="Ravi" name="Accountconfiguration.AccountConfig4" tests="1" failures="0" timestamp="2020-12-17T11:59:13 IST" time="127.690" errors="0">
  <testcase name="TestAccountConfig4" time="127.690" classname="Accountconfiguration.AccountConfig4"/>
  <system-out/>
</testsuite> <!-- Accountconfiguration.AccountConfig4 -->
