<?xml version="1.0" encoding="UTF-8"?>
<!-- Generated by org.testng.reporters.JUnitReportReporter -->
<testsuite skipped="0" hostname="Ravi" name="Lead_Creation_Allocation.ExistingOpportunity_TC06" tests="1" failures="0" timestamp="2020-12-16T13:20:09 IST" time="395.538" errors="0">
  <testcase name="LeadCreation_ExistingOpportunity_TC06" time="395.538" classname="Lead_Creation_Allocation.ExistingOpportunity_TC06"/>
  <system-out/>
</testsuite> <!-- Lead_Creation_Allocation.ExistingOpportunity_TC06 -->
