<?xml version="1.0" encoding="UTF-8"?>
<!-- Generated by org.testng.reporters.JUnitReportReporter -->
<testsuite skipped="0" hostname="Ravi" name="ContactConfiguration.ContactConfig2" tests="1" failures="0" timestamp="2020-12-18T10:25:57 IST" time="125.860" errors="0">
  <testcase name="TestContactConfig2" time="125.860" classname="ContactConfiguration.ContactConfig2"/>
  <system-out/>
</testsuite> <!-- ContactConfiguration.ContactConfig2 -->
