<?xml version="1.0" encoding="UTF-8"?>
<!-- Generated by org.testng.reporters.JUnitReportReporter -->
<testsuite skipped="0" hostname="Ravi" name="Opp_Configuration.Opp_caseconfig82" tests="1" failures="0" timestamp="2020-12-20T12:22:13 IST" time="117.186" errors="0">
  <testcase name="TestCaseConfig82" time="117.186" classname="Opp_Configuration.Opp_caseconfig82"/>
  <system-out/>
</testsuite> <!-- Opp_Configuration.Opp_caseconfig82 -->
