<?xml version="1.0" encoding="UTF-8"?>
<!-- Generated by org.testng.reporters.JUnitReportReporter -->
<testsuite skipped="0" hostname="Ravi" name="Caseconfiguration.CaseConfig15" tests="1" failures="0" timestamp="2020-12-21T14:00:15 IST" time="109.193" errors="0">
  <testcase name="TestCaseConfig15" time="109.193" classname="Caseconfiguration.CaseConfig15"/>
  <system-out/>
</testsuite> <!-- Caseconfiguration.CaseConfig15 -->
