<?xml version="1.0" encoding="UTF-8"?>
<!-- Generated by org.testng.reporters.JUnitReportReporter -->
<testsuite skipped="0" hostname="Ravi" name="CaseCreation_Allocation.CaseAllocation_config12" tests="1" failures="0" timestamp="2020-12-21T13:29:25 IST" time="333.168" errors="0">
  <testcase name="CaseCreation_config12" time="333.168" classname="CaseCreation_Allocation.CaseAllocation_config12"/>
  <system-out/>
</testsuite> <!-- CaseCreation_Allocation.CaseAllocation_config12 -->
