<?xml version="1.0" encoding="UTF-8"?>
<!-- Generated by org.testng.reporters.JUnitReportReporter -->
<testsuite skipped="0" hostname="Ravi" name="DefineTeams_Contact.Contact_DefineTeams" tests="1" failures="0" timestamp="2020-12-17T16:37:24 IST" time="1597.846" errors="0">
  <testcase name="DefineTeamSetup" time="1597.846" classname="DefineTeams_Contact.Contact_DefineTeams"/>
  <system-out/>
</testsuite> <!-- DefineTeams_Contact.Contact_DefineTeams -->
