<?xml version="1.0" encoding="UTF-8"?>
<!-- Generated by org.testng.reporters.JUnitReportReporter -->
<testsuite skipped="0" hostname="Ravi" name="ContactCreation_Allocation.ContactAllocation_TC07" tests="1" failures="0" timestamp="2020-12-18T11:14:02 IST" time="278.371" errors="0">
  <testcase name="ContactCreation_config07" time="278.371" classname="ContactCreation_Allocation.ContactAllocation_TC07"/>
  <system-out/>
</testsuite> <!-- ContactCreation_Allocation.ContactAllocation_TC07 -->
