<?xml version="1.0" encoding="UTF-8"?>
<!-- Generated by org.testng.reporters.JUnitReportReporter -->
<testsuite skipped="0" hostname="Ravi" name="Leads_Configurations.Lead_Config10" tests="1" failures="0" timestamp="2020-12-15T18:05:28 IST" time="123.437" errors="0">
  <testcase name="Test_Config10" time="123.437" classname="Leads_Configurations.Lead_Config10"/>
  <system-out/>
</testsuite> <!-- Leads_Configurations.Lead_Config10 -->
