<?xml version="1.0" encoding="UTF-8"?>
<!-- Generated by org.testng.reporters.JUnitReportReporter -->
<testsuite skipped="0" hostname="Ravi" name="AccountCreation_Allocation.AccountAllocation_config11" tests="1" failures="0" timestamp="2020-12-17T13:38:43 IST" time="410.341" errors="0">
  <testcase name="AccountCreation_config11" time="410.341" classname="AccountCreation_Allocation.AccountAllocation_config11"/>
  <system-out/>
</testsuite> <!-- AccountCreation_Allocation.AccountAllocation_config11 -->
