<?xml version="1.0" encoding="UTF-8"?>
<!-- Generated by org.testng.reporters.JUnitReportReporter -->
<testsuite skipped="0" hostname="Ravi" name="Caseconfiguration.CaseConfig7" tests="1" failures="0" timestamp="2020-12-21T11:54:19 IST" time="106.158" errors="0">
  <testcase name="TestCaseConfig5" time="106.158" classname="Caseconfiguration.CaseConfig7"/>
  <system-out/>
</testsuite> <!-- Caseconfiguration.CaseConfig7 -->
