<?xml version="1.0" encoding="UTF-8"?>
<!-- Generated by org.testng.reporters.JUnitReportReporter -->
<testsuite skipped="0" hostname="Ravi" name="EditTeamSetupAccount.EditTeamAcc_config11" tests="1" failures="0" timestamp="2020-12-17T13:38:43 IST" time="131.049" errors="0">
  <testcase name="EditTeamsetup" time="131.049" classname="EditTeamSetupAccount.EditTeamAcc_config11"/>
  <system-out/>
</testsuite> <!-- EditTeamSetupAccount.EditTeamAcc_config11 -->
