<?xml version="1.0" encoding="UTF-8"?>
<!-- Generated by org.testng.reporters.JUnitReportReporter -->
<testsuite skipped="0" hostname="Ravi" name="Opp_Configuration.Opp_caseconfig80" tests="1" failures="0" timestamp="2020-12-20T12:04:48 IST" time="114.593" errors="0">
  <testcase name="TestCaseConfig80" time="114.593" classname="Opp_Configuration.Opp_caseconfig80"/>
  <system-out/>
</testsuite> <!-- Opp_Configuration.Opp_caseconfig80 -->
