<?xml version="1.0" encoding="UTF-8"?>
<!-- Generated by org.testng.reporters.JUnitReportReporter -->
<testsuite skipped="0" hostname="Ravi" name="CaseDistribution.CaseManualDistribution17" tests="1" failures="0" timestamp="2020-12-21T14:27:36 IST" time="170.321" errors="0">
  <testcase name="CaseManualDistribution9" time="170.321" classname="CaseDistribution.CaseManualDistribution17"/>
  <system-out/>
</testsuite> <!-- CaseDistribution.CaseManualDistribution17 -->
