<?xml version="1.0" encoding="UTF-8"?>
<!-- Generated by org.testng.reporters.JUnitReportReporter -->
<testsuite skipped="0" hostname="Ravi" name="Opp_Configuration.Opp_caseconfig5" tests="1" failures="0" timestamp="2020-12-20T11:35:43 IST" time="111.374" errors="0">
  <testcase name="TestCaseConfig5" time="111.374" classname="Opp_Configuration.Opp_caseconfig5"/>
  <system-out/>
</testsuite> <!-- Opp_Configuration.Opp_caseconfig5 -->
