<?xml version="1.0" encoding="UTF-8"?>
<!-- Generated by org.testng.reporters.JUnitReportReporter -->
<testsuite skipped="0" hostname="Ravi" name="ContactCreation_Allocation.ContactAllocation_TC10" tests="1" failures="0" timestamp="2020-12-18T12:26:50 IST" time="254.980" errors="0">
  <testcase name="ContactCreation_config10" time="254.980" classname="ContactCreation_Allocation.ContactAllocation_TC10"/>
  <system-out/>
</testsuite> <!-- ContactCreation_Allocation.ContactAllocation_TC10 -->
