<?xml version="1.0" encoding="UTF-8"?>
<!-- Generated by org.testng.reporters.JUnitReportReporter -->
<testsuite skipped="0" hostname="Ravi" name="OppCreation_Allocation.Opp_Allocation_config4" tests="1" failures="0" timestamp="2020-12-20T11:23:12 IST" time="613.786" errors="0">
  <testcase name="OpportunityCreation_config4" time="613.786" classname="OppCreation_Allocation.Opp_Allocation_config4"/>
  <system-out/>
</testsuite> <!-- OppCreation_Allocation.Opp_Allocation_config4 -->
