<?xml version="1.0" encoding="UTF-8"?>
<!-- Generated by org.testng.reporters.JUnitReportReporter -->
<testsuite skipped="0" hostname="Ravi" name="CaseCreation_Allocation.CaseAllocation_config8" tests="1" failures="0" timestamp="2020-12-21T12:21:44 IST" time="323.974" errors="0">
  <testcase name="CaseCreation_config8" time="323.974" classname="CaseCreation_Allocation.CaseAllocation_config8"/>
  <system-out/>
</testsuite> <!-- CaseCreation_Allocation.CaseAllocation_config8 -->
