<?xml version="1.0" encoding="UTF-8"?>
<!-- Generated by org.testng.reporters.JUnitReportReporter -->
<testsuite skipped="0" hostname="Ravi" name="Accountconfiguration.AccountConfig5" tests="1" failures="0" timestamp="2020-12-17T12:08:48 IST" time="137.543" errors="0">
  <testcase name="TestAccountConfig5" time="137.543" classname="Accountconfiguration.AccountConfig5"/>
  <system-out/>
</testsuite> <!-- Accountconfiguration.AccountConfig5 -->
