<?xml version="1.0" encoding="UTF-8"?>
<!-- Generated by org.testng.reporters.JUnitReportReporter -->
<testsuite skipped="0" hostname="Ravi" name="Lead_Creation_Allocation.ExistingOpportunityFilter_TC10" tests="1" failures="0" timestamp="2020-12-16T14:09:58 IST" time="277.476" errors="0">
  <testcase name="LeadCreation_ExistingOpportunity_TC10" time="277.476" classname="Lead_Creation_Allocation.ExistingOpportunityFilter_TC10"/>
  <system-out/>
</testsuite> <!-- Lead_Creation_Allocation.ExistingOpportunityFilter_TC10 -->
