<?xml version="1.0" encoding="UTF-8"?>
<!-- Generated by org.testng.reporters.JUnitReportReporter -->
<testsuite skipped="0" hostname="Ravi" name="ContactCreation_Allocation.ContactAllocation_TC04" tests="1" failures="0" timestamp="2020-12-18T10:45:40 IST" time="178.923" errors="0">
  <testcase name="ContactCreation_config04" time="178.923" classname="ContactCreation_Allocation.ContactAllocation_TC04"/>
  <system-out/>
</testsuite> <!-- ContactCreation_Allocation.ContactAllocation_TC04 -->
