<?xml version="1.0" encoding="UTF-8"?>
<!-- Generated by org.testng.reporters.JUnitReportReporter -->
<testsuite skipped="0" hostname="Ravi" name="AccountCreation_Allocation.AccountAllocation_config3" tests="1" failures="0" timestamp="2020-12-17T11:34:28 IST" time="480.791" errors="0">
  <testcase name="AccountCreation_config1" time="480.791" classname="AccountCreation_Allocation.AccountAllocation_config3"/>
  <system-out/>
</testsuite> <!-- AccountCreation_Allocation.AccountAllocation_config3 -->
