<?xml version="1.0" encoding="UTF-8"?>
<!-- Generated by org.testng.reporters.JUnitReportReporter -->
<testsuite skipped="0" hostname="Ravi" name="Contact_Distribution.Distribute_Contact" tests="1" failures="0" timestamp="2020-12-18T13:59:44 IST" time="923.541" errors="0">
  <testcase name="CaseManualDistribution9" time="923.541" classname="Contact_Distribution.Distribute_Contact"/>
  <system-out/>
</testsuite> <!-- Contact_Distribution.Distribute_Contact -->
