<?xml version="1.0" encoding="UTF-8"?>
<!-- Generated by org.testng.reporters.JUnitReportReporter -->
<testsuite skipped="0" hostname="Ravi" name="Leads_Configurations.Lead_Config12" tests="1" failures="0" timestamp="2020-12-16T13:01:37 IST" time="127.102" errors="0">
  <testcase name="Test_Config12" time="127.102" classname="Leads_Configurations.Lead_Config12"/>
  <system-out/>
</testsuite> <!-- Leads_Configurations.Lead_Config12 -->
