<?xml version="1.0" encoding="UTF-8"?>
<!-- Generated by org.testng.reporters.JUnitReportReporter -->
<testsuite skipped="0" hostname="Ravi" name="AccountScenario.AccountAllocation_config8" tests="1" failures="0" timestamp="2020-12-10T12:49:56 IST" time="342.673" errors="0">
  <testcase name="AccountCreation_config8" time="342.673" classname="AccountScenario.AccountAllocation_config8"/>
  <system-out/>
</testsuite> <!-- AccountScenario.AccountAllocation_config8 -->
