<?xml version="1.0" encoding="UTF-8"?>
<!-- Generated by org.testng.reporters.JUnitReportReporter -->
<testsuite skipped="0" hostname="Ravi" name="AccountDistribution.ManualDistributionAccountt10" tests="1" failures="0" timestamp="2020-12-17T15:57:11 IST" time="260.123" errors="0">
  <testcase name="AccountManualDistribution10" time="260.123" classname="AccountDistribution.ManualDistributionAccountt10"/>
  <system-out/>
</testsuite> <!-- AccountDistribution.ManualDistributionAccountt10 -->
