<?xml version="1.0" encoding="UTF-8"?>
<!-- Generated by org.testng.reporters.JUnitReportReporter -->
<testsuite skipped="0" hostname="Ravi" name="OppCreation_Allocation.Opp_Allocation_config80" tests="1" failures="0" timestamp="2020-12-20T12:04:48 IST" time="274.707" errors="0">
  <testcase name="OpportunityCreation_config80" time="274.707" classname="OppCreation_Allocation.Opp_Allocation_config80"/>
  <system-out/>
</testsuite> <!-- OppCreation_Allocation.Opp_Allocation_config80 -->
