<?xml version="1.0" encoding="UTF-8"?>
<!-- Generated by org.testng.reporters.JUnitReportReporter -->
<testsuite skipped="0" hostname="Ravi" name="CaseDistribution.CaseManualDistribution5" tests="1" failures="0" timestamp="2020-12-21T11:37:29 IST" time="137.925" errors="0">
  <testcase name="CaseManualDistribution5" time="137.925" classname="CaseDistribution.CaseManualDistribution5"/>
  <system-out/>
</testsuite> <!-- CaseDistribution.CaseManualDistribution5 -->
