<?xml version="1.0" encoding="UTF-8"?>
<!-- Generated by org.testng.reporters.JUnitReportReporter -->
<testsuite skipped="0" hostname="Ravi" name="Caseconfiguration.CaseConfig2" tests="1" failures="0" timestamp="2020-12-20T21:33:14 IST" time="120.002" errors="0">
  <testcase name="TestCaseConfig2" time="120.002" classname="Caseconfiguration.CaseConfig2"/>
  <system-out/>
</testsuite> <!-- Caseconfiguration.CaseConfig2 -->
