<?xml version="1.0" encoding="UTF-8"?>
<!-- Generated by org.testng.reporters.JUnitReportReporter -->
<testsuite skipped="0" hostname="Ravi" name="AccountCreation_Allocation.AccountAllocation_config10" tests="1" failures="0" timestamp="2020-12-17T15:57:11 IST" time="407.874" errors="0">
  <testcase name="AccountCreation_config10" time="407.874" classname="AccountCreation_Allocation.AccountAllocation_config10"/>
  <system-out/>
</testsuite> <!-- AccountCreation_Allocation.AccountAllocation_config10 -->
