<?xml version="1.0" encoding="UTF-8"?>
<!-- Generated by org.testng.reporters.JUnitReportReporter -->
<testsuite skipped="0" hostname="Ravi" name="Opp_Configuration.Opp_caseconfig6" tests="1" failures="0" timestamp="2020-12-20T11:43:53 IST" time="119.198" errors="0">
  <testcase name="TestCaseConfig1" time="119.198" classname="Opp_Configuration.Opp_caseconfig6"/>
  <system-out/>
</testsuite> <!-- Opp_Configuration.Opp_caseconfig6 -->
