<?xml version="1.0" encoding="UTF-8"?>
<!-- Generated by org.testng.reporters.JUnitReportReporter -->
<testsuite skipped="0" hostname="Ravi" name="CaseCreation_Allocation.CaseAllocation_config10" tests="1" failures="0" timestamp="2020-12-21T12:49:19 IST" time="216.992" errors="0">
  <testcase name="CaseCreation_config10" time="216.992" classname="CaseCreation_Allocation.CaseAllocation_config10"/>
  <system-out/>
</testsuite> <!-- CaseCreation_Allocation.CaseAllocation_config10 -->
