<?xml version="1.0" encoding="UTF-8"?>
<!-- Generated by org.testng.reporters.JUnitReportReporter -->
<testsuite skipped="0" hostname="Ravi" name="ContactConfiguration.ContactConfig3" tests="1" failures="0" timestamp="2020-12-18T11:17:34 IST" time="128.489" errors="0">
  <testcase name="TestContactConfig3" time="128.489" classname="ContactConfiguration.ContactConfig3"/>
  <system-out/>
</testsuite> <!-- ContactConfiguration.ContactConfig3 -->
