<?xml version="1.0" encoding="UTF-8"?>
<!-- Generated by org.testng.reporters.JUnitReportReporter -->
<testsuite skipped="0" hostname="Ravi" name="Lead_Creation_Allocation.ExistingOpportunityFilter_TC11" tests="1" failures="0" timestamp="2020-12-16T15:31:09 IST" time="367.606" errors="0">
  <testcase name="LeadCreation_ExistingOpportunity_TC11" time="367.606" classname="Lead_Creation_Allocation.ExistingOpportunityFilter_TC11"/>
  <system-out/>
</testsuite> <!-- Lead_Creation_Allocation.ExistingOpportunityFilter_TC11 -->
