<?xml version="1.0" encoding="UTF-8"?>
<!-- Generated by org.testng.reporters.JUnitReportReporter -->
<testsuite skipped="0" hostname="Ravi" name="Lead_Creation_Allocation.ExistingOpportunityFilter_TC12" tests="1" failures="0" timestamp="2020-12-16T15:44:35 IST" time="407.815" errors="0">
  <testcase name="LeadCreation_ExistingOpportunity_TC12" time="407.815" classname="Lead_Creation_Allocation.ExistingOpportunityFilter_TC12"/>
  <system-out/>
</testsuite> <!-- Lead_Creation_Allocation.ExistingOpportunityFilter_TC12 -->
